<?xml version="1.0" encoding="UTF-8"?>
<testng-results skipped="0" failed="0" ignored="0" total="2" passed="2">
  <reporter-output>
  </reporter-output>
  <suite name="Default suite" duration-ms="44" started-at="2017-10-24T01:21:34Z" finished-at="2017-10-24T01:21:34Z">
    <groups>
    </groups>
    <test name="Default test" duration-ms="44" started-at="2017-10-24T01:21:34Z" finished-at="2017-10-24T01:21:34Z">
      <class name="com.sqa.daisy.core.CraiglistTest">
        <test-method status="PASS" signature="craglistTest(java.lang.String, int)[pri:0, instance:com.sqa.daisy.core.CraiglistTest@6b09bb57]" name="craglistTest" duration-ms="8" started-at="2017-10-23T18:21:34Z" data-provider="dp" finished-at="2017-10-23T18:21:34Z">
          <params>
            <param index="0">
              <value>
                <![CDATA[QA Engineer]]>
              </value>
            </param>
            <param index="1">
              <value>
                <![CDATA[2]]>
              </value>
            </param>
          </params>
          <reporter-output>
          </reporter-output>
        </test-method> <!-- craglistTest -->
        <test-method status="PASS" signature="craglistTest(java.lang.String, int)[pri:0, instance:com.sqa.daisy.core.CraiglistTest@6b09bb57]" name="craglistTest" duration-ms="4" started-at="2017-10-23T18:21:34Z" data-provider="dp" finished-at="2017-10-23T18:21:34Z">
          <params>
            <param index="0">
              <value>
                <![CDATA[Java Developer]]>
              </value>
            </param>
            <param index="1">
              <value>
                <![CDATA[10]]>
              </value>
            </param>
          </params>
          <reporter-output>
          </reporter-output>
        </test-method> <!-- craglistTest -->
        <test-method status="FAIL" signature="tearDown()[pri:0, instance:com.sqa.daisy.core.CraiglistTest@6b09bb57]" name="tearDown" is-config="true" duration-ms="0" started-at="2017-10-23T18:21:34Z" finished-at="2017-10-23T18:21:34Z">
          <exception class="java.lang.NullPointerException">
            <full-stacktrace>
              <![CDATA[java.lang.NullPointerException
	at com.sqa.daisy.core.FirefoxTest.tearDown(FirefoxTest.java:32)
	at sun.reflect.NativeMethodAccessorImpl.invoke0(Native Method)
	at sun.reflect.NativeMethodAccessorImpl.invoke(Unknown Source)
	at sun.reflect.DelegatingMethodAccessorImpl.invoke(Unknown Source)
	at java.lang.reflect.Method.invoke(Unknown Source)
	at org.testng.internal.MethodInvocationHelper.invokeMethod(MethodInvocationHelper.java:104)
	at org.testng.internal.Invoker.invokeConfigurationMethod(Invoker.java:515)
	at org.testng.internal.Invoker.invokeConfigurations(Invoker.java:217)
	at org.testng.internal.Invoker.invokeConfigurations(Invoker.java:144)
	at org.testng.internal.TestMethodWorker.invokeAfterClassMethods(TestMethodWorker.java:217)
	at org.testng.internal.TestMethodWorker.run(TestMethodWorker.java:115)
	at org.testng.TestRunner.privateRun(TestRunner.java:756)
	at org.testng.TestRunner.run(TestRunner.java:610)
	at org.testng.SuiteRunner.runTest(SuiteRunner.java:387)
	at org.testng.SuiteRunner.runSequentially(SuiteRunner.java:382)
	at org.testng.SuiteRunner.privateRun(SuiteRunner.java:340)
	at org.testng.SuiteRunner.run(SuiteRunner.java:289)
	at org.testng.SuiteRunnerWorker.runSuite(SuiteRunnerWorker.java:52)
	at org.testng.SuiteRunnerWorker.run(SuiteRunnerWorker.java:86)
	at org.testng.TestNG.runSuitesSequentially(TestNG.java:1293)
	at org.testng.TestNG.runSuitesLocally(TestNG.java:1218)
	at org.testng.TestNG.runSuites(TestNG.java:1133)
	at org.testng.TestNG.run(TestNG.java:1104)
	at org.testng.remote.AbstractRemoteTestNG.run(AbstractRemoteTestNG.java:114)
	at org.testng.remote.RemoteTestNG.initAndRun(RemoteTestNG.java:251)
	at org.testng.remote.RemoteTestNG.main(RemoteTestNG.java:77)
]]>
            </full-stacktrace>
          </exception> <!-- java.lang.NullPointerException -->
          <reporter-output>
          </reporter-output>
        </test-method> <!-- tearDown -->
      </class> <!-- com.sqa.daisy.core.CraiglistTest -->
    </test> <!-- Default test -->
  </suite> <!-- Default suite -->
</testng-results>
